# JRE version: Java(TM) SE Runtime Environment (8.0_91-b14) (build 1.8.0_91-b14)
# Java VM: Java HotSpot(TM) 64-Bit Server VM (25.91-b14 mixed mode windows-amd64 compressed oops)
Heap:
 PSYoungGen      total 38400K, used 17349K [0x00000000d5c00000, 0x00000000d8c00000, 0x0000000100000000)
  eden space 33280K, 36% used [0x00000000d5c00000,0x00000000d67f7380,0x00000000d7c80000)
  from space 5120K, 99% used [0x00000000d7c80000,0x00000000d817a100,0x00000000d8180000)
  to   space 5120K, 0% used [0x00000000d8180000,0x00000000d8180000,0x00000000d8680000)
 ParOldGen       total 64512K, used 6506K [0x0000000081400000, 0x0000000085300000, 0x00000000d5c00000)
  object space 64512K, 10% used [0x0000000081400000,0x0000000081a5a8e0,0x0000000085300000)
 Metaspace       used 5870K, capacity 6036K, committed 6144K, reserved 1056768K
  class space    used 680K, capacity 735K, committed 768K, reserved 1048576K
GC Heap History (8 events):
Event: 0.210 GC heap before
{Heap before GC invocations=1 (full 0):
 PSYoungGen      total 38400K, used 3332K [0x00000000d5c00000, 0x00000000d8680000, 0x0000000100000000)
  eden space 33280K, 10% used [0x00000000d5c00000,0x00000000d5f41148,0x00000000d7c80000)
  from space 5120K, 0% used [0x00000000d8180000,0x00000000d8180000,0x00000000d8680000)
  to   space 5120K, 0% used [0x00000000d7c80000,0x00000000d7c80000,0x00000000d8180000)
 ParOldGen       total 87552K, used 0K [0x0000000081400000, 0x0000000086980000, 0x00000000d5c00000)
  object space 87552K, 0% used [0x0000000081400000,0x0000000081400000,0x0000000086980000)
 Metaspace       used 3905K, capacity 4688K, committed 4864K, reserved 1056768K
  class space    used 465K, capacity 503K, committed 512K, reserved 1048576K
Event: 0.212 GC heap after
Heap after GC invocations=1 (full 0):
 PSYoungGen      total 38400K, used 1120K [0x00000000d5c00000, 0x00000000d8680000, 0x0000000100000000)
  eden space 33280K, 0% used [0x00000000d5c00000,0x00000000d5c00000,0x00000000d7c80000)
  from space 5120K, 21% used [0x00000000d7c80000,0x00000000d7d98000,0x00000000d8180000)
  to   space 5120K, 0% used [0x00000000d8180000,0x00000000d8180000,0x00000000d8680000)
 ParOldGen       total 87552K, used 8K [0x0000000081400000, 0x0000000086980000, 0x00000000d5c00000)
  object space 87552K, 0% used [0x0000000081400000,0x0000000081402000,0x0000000086980000)
 Metaspace       used 3905K, capacity 4688K, committed 4864K, reserved 1056768K
  class space    used 465K, capacity 503K, committed 512K, reserved 1048576K
}
Event: 0.212 GC heap before
{Heap before GC invocations=2 (full 1):
 PSYoungGen      total 38400K, used 1120K [0x00000000d5c00000, 0x00000000d8680000, 0x0000000100000000)
  eden space 33280K, 0% used [0x00000000d5c00000,0x00000000d5c00000,0x00000000d7c80000)
  from space 5120K, 21% used [0x00000000d7c80000,0x00000000d7d98000,0x00000000d8180000)
  to   space 5120K, 0% used [0x00000000d8180000,0x00000000d8180000,0x00000000d8680000)
 ParOldGen       total 87552K, used 8K [0x0000000081400000, 0x0000000086980000, 0x00000000d5c00000)
  object space 87552K, 0% used [0x0000000081400000,0x0000000081402000,0x0000000086980000)
 Metaspace       used 3905K, capacity 4688K, committed 4864K, reserved 1056768K
  class space    used 465K, capacity 503K, committed 512K, reserved 1048576K
Event: 0.231 GC heap after
Heap after GC invocations=2 (full 1):
 PSYoungGen      total 38400K, used 0K [0x00000000d5c00000, 0x00000000d8680000, 0x0000000100000000)
  eden space 33280K, 0% used [0x00000000d5c00000,0x00000000d5c00000,0x00000000d7c80000)
  from space 5120K, 0% used [0x00000000d7c80000,0x00000000d7c80000,0x00000000d8180000)
  to   space 5120K, 0% used [0x00000000d8180000,0x00000000d8180000,0x00000000d8680000)
 ParOldGen       total 64512K, used 985K [0x0000000081400000, 0x0000000085300000, 0x00000000d5c00000)
  object space 64512K, 1% used [0x0000000081400000,0x00000000814f6640,0x0000000085300000)
 Metaspace       used 3905K, capacity 4688K, committed 4864K, reserved 1056768K
  class space    used 465K, capacity 503K, committed 512K, reserved 1048576K
}
Event: 0.534 GC heap before
{Heap before GC invocations=3 (full 1):
 PSYoungGen      total 38400K, used 33280K [0x00000000d5c00000, 0x00000000d8680000, 0x0000000100000000)
  eden space 33280K, 100% used [0x00000000d5c00000,0x00000000d7c80000,0x00000000d7c80000)
  from space 5120K, 0% used [0x00000000d7c80000,0x00000000d7c80000,0x00000000d8180000)
  to   space 5120K, 0% used [0x00000000d8180000,0x00000000d8180000,0x00000000d8680000)
 ParOldGen       total 64512K, used 985K [0x0000000081400000, 0x0000000085300000, 0x00000000d5c00000)
  object space 64512K, 1% used [0x0000000081400000,0x00000000814f6640,0x0000000085300000)
 Metaspace       used 5303K, capacity 5444K, committed 5632K, reserved 1056768K
  class space    used 609K, capacity 667K, committed 768K, reserved 1048576K
Event: 0.542 GC heap after
Heap after GC invocations=3 (full 1):
 PSYoungGen      total 38400K, used 5108K [0x00000000d5c00000, 0x00000000d8c00000, 0x0000000100000000)
  eden space 33280K, 0% used [0x00000000d5c00000,0x00000000d5c00000,0x00000000d7c80000)
  from space 5120K, 99% used [0x00000000d8180000,0x00000000d867d228,0x00000000d8680000)
  to   space 5120K, 0% used [0x00000000d7c80000,0x00000000d7c80000,0x00000000d8180000)
 ParOldGen       total 64512K, used 2874K [0x0000000081400000, 0x0000000085300000, 0x00000000d5c00000)
  object space 64512K, 4% used [0x0000000081400000,0x00000000816ce8e0,0x0000000085300000)
 Metaspace       used 5303K, capacity 5444K, committed 5632K, reserved 1056768K
  class space    used 609K, capacity 667K, committed 768K, reserved 1048576K
}
Event: 0.615 GC heap before
{Heap before GC invocations=4 (full 1):
 PSYoungGen      total 38400K, used 38388K [0x00000000d5c00000, 0x00000000d8c00000, 0x0000000100000000)
  eden space 33280K, 100% used [0x00000000d5c00000,0x00000000d7c80000,0x00000000d7c80000)
  from space 5120K, 99% used [0x00000000d8180000,0x00000000d867d228,0x00000000d8680000)
  to   space 5120K, 0% used [0x00000000d7c80000,0x00000000d7c80000,0x00000000d8180000)
 ParOldGen       total 64512K, used 2874K [0x0000000081400000, 0x0000000085300000, 0x00000000d5c00000)
  object space 64512K, 4% used [0x0000000081400000,0x00000000816ce8e0,0x0000000085300000)
 Metaspace       used 5303K, capacity 5444K, committed 5632K, reserved 1056768K
  class space    used 609K, capacity 667K, committed 768K, reserved 1048576K
Event: 0.643 GC heap after
Heap after GC invocations=4 (full 1):
 PSYoungGen      total 38400K, used 5096K [0x00000000d5c00000, 0x00000000d8c00000, 0x0000000100000000)
  eden space 33280K, 0% used [0x00000000d5c00000,0x00000000d5c00000,0x00000000d7c80000)
  from space 5120K, 99% used [0x00000000d7c80000,0x00000000d817a100,0x00000000d8180000)
  to   space 5120K, 0% used [0x00000000d8180000,0x00000000d8180000,0x00000000d8680000)
 ParOldGen       total 64512K, used 6506K [0x0000000081400000, 0x0000000085300000, 0x00000000d5c00000)
  object space 64512K, 10% used [0x0000000081400000,0x0000000081a5a8e0,0x0000000085300000)
 Metaspace       used 5303K, capacity 5444K, committed 5632K, reserved 1056768K
  class space    used 609K, capacity 667K, committed 768K, reserved 1048576K
}

